# JRE version: Java(TM) SE Runtime Environment (8.0_111-b14) (build 1.8.0_111-b14)
# Java VM: Java HotSpot(TM) 64-Bit Server VM (25.111-b14 mixed mode windows-amd64 compressed oops)
Heap:
 PSYoungGen      total 9728K, used 2976K [0x00000000f5580000, 0x00000000f6000000, 0x0000000100000000)
  eden space 8704K, 22% used [0x00000000f5580000,0x00000000f5768280,0x00000000f5e00000)
  from space 1024K, 100% used [0x00000000f5f00000,0x00000000f6000000,0x00000000f6000000)
  to   space 1024K, 0% used [0x00000000f5e00000,0x00000000f5e00000,0x00000000f5f00000)
 ParOldGen       total 22016K, used 3703K [0x00000000e0000000, 0x00000000e1580000, 0x00000000f5580000)
  object space 22016K, 16% used [0x00000000e0000000,0x00000000e039dd98,0x00000000e1580000)
 Metaspace       used 15178K, capacity 15402K, committed 15616K, reserved 1062912K
  class space    used 1958K, capacity 2033K, committed 2048K, reserved 1048576K
GC Heap History (4 events):
Event: 4.822 GC heap before
{Heap before GC invocations=1 (full 0):
 PSYoungGen      total 9728K, used 8430K [0x00000000f5580000, 0x00000000f6000000, 0x0000000100000000)
  eden space 8704K, 96% used [0x00000000f5580000,0x00000000f5dbba98,0x00000000f5e00000)
  from space 1024K, 0% used [0x00000000f5f00000,0x00000000f5f00000,0x00000000f6000000)
  to   space 1024K, 0% used [0x00000000f5e00000,0x00000000f5e00000,0x00000000f5f00000)
 ParOldGen       total 22016K, used 0K [0x00000000e0000000, 0x00000000e1580000, 0x00000000f5580000)
  object space 22016K, 0% used [0x00000000e0000000,0x00000000e0000000,0x00000000e1580000)
 Metaspace       used 11211K, capacity 11420K, committed 11776K, reserved 1058816K
  class space    used 1409K, capacity 1482K, committed 1536K, reserved 1048576K
Event: 4.832 GC heap after
Heap after GC invocations=1 (full 0):
 PSYoungGen      total 9728K, used 997K [0x00000000f5580000, 0x00000000f6000000, 0x0000000100000000)
  eden space 8704K, 0% used [0x00000000f5580000,0x00000000f5580000,0x00000000f5e00000)
  from space 1024K, 97% used [0x00000000f5e00000,0x00000000f5ef9718,0x00000000f5f00000)
  to   space 1024K, 0% used [0x00000000f5f00000,0x00000000f5f00000,0x00000000f6000000)
 ParOldGen       total 22016K, used 1604K [0x00000000e0000000, 0x00000000e1580000, 0x00000000f5580000)
  object space 22016K, 7% used [0x00000000e0000000,0x00000000e0191290,0x00000000e1580000)
 Metaspace       used 11211K, capacity 11420K, committed 11776K, reserved 1058816K
  class space    used 1409K, capacity 1482K, committed 1536K, reserved 1048576K
}
Event: 25.611 GC heap before
{Heap before GC invocations=2 (full 0):
 PSYoungGen      total 9728K, used 9701K [0x00000000f5580000, 0x00000000f6000000, 0x0000000100000000)
  eden space 8704K, 100% used [0x00000000f5580000,0x00000000f5e00000,0x00000000f5e00000)
  from space 1024K, 97% used [0x00000000f5e00000,0x00000000f5ef9718,0x00000000f5f00000)
  to   space 1024K, 0% used [0x00000000f5f00000,0x00000000f5f00000,0x00000000f6000000)
 ParOldGen       total 22016K, used 1604K [0x00000000e0000000, 0x00000000e1580000, 0x00000000f5580000)
  object space 22016K, 7% used [0x00000000e0000000,0x00000000e0191290,0x00000000e1580000)
 Metaspace       used 14942K, capacity 15178K, committed 15360K, reserved 1062912K
  class space    used 1931K, capacity 2001K, committed 2048K, reserved 1048576K
Event: 25.620 GC heap after
Heap after GC invocations=2 (full 0):
 PSYoungGen      total 9728K, used 1024K [0x00000000f5580000, 0x00000000f6000000, 0x0000000100000000)
  eden space 8704K, 0% used [0x00000000f5580000,0x00000000f5580000,0x00000000f5e00000)
  from space 1024K, 100% used [0x00000000f5f00000,0x00000000f6000000,0x00000000f6000000)
  to   space 1024K, 0% used [0x00000000f5e00000,0x00000000f5e00000,0x00000000f5f00000)
 ParOldGen       total 22016K, used 3703K [0x00000000e0000000, 0x00000000e1580000, 0x00000000f5580000)
  object space 22016K, 16% used [0x00000000e0000000,0x00000000e039dd98,0x00000000e1580000)
 Metaspace       used 14942K, capacity 15178K, committed 15360K, reserved 1062912K
  class space    used 1931K, capacity 2001K, committed 2048K, reserved 1048576K
}

